Using pre-set license

 COMMAND LINE ARGUMENTS:
/Applications/Unity/Hub/Editor/2020.3.11f1/Unity.app/Contents/MacOS/Unity
-adb2
-batchMode
-noUpm
-name
AssetImportWorker0
-projectPath
/Users/yingchen/Desktop/classes/cpsc344/344-P1/344-P1
-logFile
Logs/AssetImportWorker0.log
-srvPort
63069
Successfully changed project path to: /Users/yingchen/Desktop/classes/cpsc344/344-P1/344-P1
/Users/yingchen/Desktop/classes/cpsc344/344-P1/344-P1
Using Asset Import Pipeline V2.
Refreshing native plugins compatible for Editor in 27.61 ms, found 2 plugins.
Preloading 0 native plugins for Editor in 0.00 ms.
Initialize engine version: 2020.3.11f1 (99c7afb366b3)
[Subsystems] Discovering subsystems at path /Applications/Unity/Hub/Editor/2020.3.11f1/Unity.app/Contents/Resources/UnitySubsystems
[Subsystems] Discovering subsystems at path /Users/yingchen/Desktop/classes/cpsc344/344-P1/344-P1/Assets
GfxDevice: creating device client; threaded=0
2021-09-08 16:23:21.124 Unity[42281:1558834] (null) preferred device: Apple M1 (high power)
2021-09-08 16:23:21.124 Unity[42281:1558834] Metal devices available: 1
2021-09-08 16:23:21.124 Unity[42281:1558834] 0: Apple M1 (high power)
2021-09-08 16:23:21.125 Unity[42281:1558834] Using device Apple M1 (high power)
Initializing Metal device caps: Apple M1
Initialize mono
Mono path[0] = '/Applications/Unity/Hub/Editor/2020.3.11f1/Unity.app/Contents/Managed'
Mono path[1] = '/Applications/Unity/Hub/Editor/2020.3.11f1/Unity.app/Contents/MonoBleedingEdge/lib/mono/unityjit'
Mono config path = '/Applications/Unity/Hub/Editor/2020.3.11f1/Unity.app/Contents/MonoBleedingEdge/etc'
Using monoOptions --debugger-agent=transport=dt_socket,embedding=1,server=y,suspend=n,address=127.0.0.1:56281
Begin MonoManager ReloadAssembly
Registering precompiled unity dll's ...
Register platform support module: /Applications/Unity/Hub/Editor/2020.3.11f1/Unity.app/Contents/PlaybackEngines/MacStandaloneSupport/UnityEditor.OSXStandalone.Extensions.dll
Registered in 0.001923 seconds.
Native extension for OSXStandalone target not found
Refreshing native plugins compatible for Editor in 25.27 ms, found 2 plugins.
Preloading 0 native plugins for Editor in 0.00 ms.
Mono: successfully reloaded assembly
- Completed reload, in  2.269 seconds
Platform modules already initialized, skipping
Registering precompiled user dll's ...
Registered in 0.005015 seconds.
Begin MonoManager ReloadAssembly
Native extension for OSXStandalone target not found
Refreshing native plugins compatible for Editor in 0.26 ms, found 2 plugins.
Preloading 0 native plugins for Editor in 0.00 ms.
Mono: successfully reloaded assembly
- Completed reload, in  2.080 seconds
Platform modules already initialized, skipping
========================================================================
Worker process is ready to serve import requests
Launching external process: /Applications/Unity/Hub/Editor/2020.3.11f1/Unity.app/Contents/Tools/UnityShaderCompiler
Launched and connected shader compiler UnityShaderCompiler after 0.02 seconds
Refreshing native plugins compatible for Editor in 0.23 ms, found 2 plugins.
Preloading 0 native plugins for Editor in 0.00 ms.
Unloading 1386 Unused Serialized files (Serialized files now loaded: 0)
System memory in use before: 133.9 MB.
System memory in use after: 134.0 MB.

Unloading 19 unused Assets to reduce memory usage. Loaded Objects now: 1819.
Total: 1.326917 ms (FindLiveObjects: 0.100625 ms CreateObjectMapping: 0.026125 ms MarkObjects: 1.128667 ms  DeleteObjects: 0.070792 ms)

========================================================================
Received Import Request.
  path: Assets/Scenes
  artifactKey: Guid(82cf26cbfd03b4acb9d27bfe023f6e08) Importer(815301076,1909f56bfc062723c751e8b465ee728b)
Start importing Assets/Scenes using Guid(82cf26cbfd03b4acb9d27bfe023f6e08) Importer(815301076,1909f56bfc062723c751e8b465ee728b)  -> (artifact id: 'a81b2f0c0edfa1a9d15da9089a9b8bd1') in 0.005653 seconds
  Import took 0.007198 seconds .

